python train_lstm_08.py 

Model: "sequential"
_________________________________________________________________
Layer (type)                 Output Shape              Param #   
=================================================================
embedding (Embedding)        (None, 256, 64)           640064    
_________________________________________________________________
lstm (LSTM)                  (None, 256, 32)           12416     
_________________________________________________________________
lstm_1 (LSTM)                (None, 32)                8320      
_________________________________________________________________
dense (Dense)                (None, 32)                1056      
_________________________________________________________________
dense_1 (Dense)              (None, 1)                 33        
=================================================================
Total params: 661,889
Trainable params: 661,889
Non-trainable params: 0
_________________________________________________________________
2023-04-18 17:52:24

Epoch 1/12
1172/1172 [==============================] - 402s 338ms/step - loss: 0.4268 - accuracy: 0.8084
Epoch 2/12
1172/1172 [==============================] - 377s 322ms/step - loss: 0.2744 - accuracy: 0.8908
Epoch 3/12
1172/1172 [==============================] - 364s 310ms/step - loss: 0.2237 - accuracy: 0.9114
Epoch 4/12
1172/1172 [==============================] - 375s 320ms/step - loss: 0.1888 - accuracy: 0.9279
Epoch 5/12
1172/1172 [==============================] - 389s 332ms/step - loss: 0.1250 - accuracy: 0.9547
Epoch 6/12
1172/1172 [==============================] - 388s 331ms/step - loss: 0.0970 - accuracy: 0.9663
Epoch 7/12
1172/1172 [==============================] - 389s 332ms/step - loss: 0.0758 - accuracy: 0.9756
Epoch 8/12
1172/1172 [==============================] - 368s 314ms/step - loss: 0.0592 - accuracy: 0.9820
Epoch 9/12
1172/1172 [==============================] - 373s 318ms/step - loss: 0.0447 - accuracy: 0.9866
Epoch 10/12
1172/1172 [==============================] - 377s 322ms/step - loss: 0.0426 - accuracy: 0.9874
Epoch 11/12
1172/1172 [==============================] - 374s 319ms/step - loss: 0.0407 - accuracy: 0.9882
Epoch 12/12
1172/1172 [==============================] - 371s 316ms/step - loss: 0.0389 - accuracy: 0.9887
